<?xml version="1.0" encoding="UTF-8"?>
<!-- Generated by org.testng.reporters.JUnitReportReporter -->
<testsuite hostname="HEU-PEDRO-PRADIITA" failures="0" tests="1" name="pintaria.PintariaForgotPasswordTest" time="65.856" errors="0" timestamp="2021-09-24T08:11:38 ICT" skipped="0">
  <testcase classname="pintaria.PintariaForgotPasswordTest" name="ForgotPasswordAllUrl" time="65.856"/>
  <system-out/>
</testsuite> <!-- pintaria.PintariaForgotPasswordTest -->
