<?xml version="1.0" encoding="UTF-8"?>
<!-- Generated by org.testng.reporters.JUnitReportReporter -->
<testsuite hostname="HEU-PEDRO-PRADIITA" failures="0" tests="3" name="pintaria.PintariaRegisterTest" time="95.527" errors="0" timestamp="2021-09-24T08:11:38 ICT" skipped="0">
  <testcase classname="pintaria.PintariaRegisterTest" name="RegistDaftarButton" time="20.714"/>
  <system-out/>
  <testcase classname="pintaria.PintariaRegisterTest" name="RegistAlertWithoutSubmit" time="9.091"/>
  <system-out/>
  <testcase classname="pintaria.PintariaRegisterTest" name="RegistAllUrl" time="65.722"/>
  <system-out/>
</testsuite> <!-- pintaria.PintariaRegisterTest -->
